[0m[[0minfo[0m] [0m[32mTweetSetSuite:[0m[0m
[0m[[0minfo[0m] [0m[32m- filter: on empty set[0m[0m
[0m[[0minfo[0m] [0m[31m- filter: a on set5 *** FAILED ***[0m[0m
[0m[[0minfo[0m] [0m[31m  scala.NotImplementedError: an implementation is missing[0m[0m
[0m[[0minfo[0m] [0m[31m  at scala.Predef$.$qmark$qmark$qmark(Predef.scala:252)[0m[0m
[0m[[0minfo[0m] [0m[31m  at objsets.NonEmpty.filterAcc(TweetSet.scala:131)[0m[0m
[0m[[0minfo[0m] [0m[31m  at objsets.TweetSet.filter(TweetSet.scala:45)[0m[0m
[0m[[0minfo[0m] [0m[31m  at objsets.TweetSetSuite$$anonfun$2$$anon$2.<init>(TweetSetSuite.scala:37)[0m[0m
[0m[[0minfo[0m] [0m[31m  at objsets.TweetSetSuite$$anonfun$2.apply$mcV$sp(TweetSetSuite.scala:36)[0m[0m
[0m[[0minfo[0m] [0m[31m  at objsets.TweetSetSuite$$anonfun$2.apply(TweetSetSuite.scala:36)[0m[0m
[0m[[0minfo[0m] [0m[31m  at objsets.TweetSetSuite$$anonfun$2.apply(TweetSetSuite.scala:36)[0m[0m
[0m[[0minfo[0m] [0m[31m  at org.scalatest.FunSuite$$anon$1.apply(FunSuite.scala:1265)[0m[0m
[0m[[0minfo[0m] [0m[31m  at org.scalatest.Suite$class.withFixture(Suite.scala:1974)[0m[0m
[0m[[0minfo[0m] [0m[31m  at objsets.TweetSetSuite.withFixture(TweetSetSuite.scala:9)[0m[0m
[0m[[0minfo[0m] [0m[31m  ...[0m[0m
[0m[[0minfo[0m] [0m[31m- filter: 20 on set5 *** FAILED ***[0m[0m
[0m[[0minfo[0m] [0m[31m  scala.NotImplementedError: an implementation is missing[0m[0m
[0m[[0minfo[0m] [0m[31m  at scala.Predef$.$qmark$qmark$qmark(Predef.scala:252)[0m[0m
[0m[[0minfo[0m] [0m[31m  at objsets.NonEmpty.filterAcc(TweetSet.scala:131)[0m[0m
[0m[[0minfo[0m] [0m[31m  at objsets.TweetSet.filter(TweetSet.scala:45)[0m[0m
[0m[[0minfo[0m] [0m[31m  at objsets.TweetSetSuite$$anonfun$3$$anon$3.<init>(TweetSetSuite.scala:43)[0m[0m
[0m[[0minfo[0m] [0m[31m  at objsets.TweetSetSuite$$anonfun$3.apply$mcV$sp(TweetSetSuite.scala:42)[0m[0m
[0m[[0minfo[0m] [0m[31m  at objsets.TweetSetSuite$$anonfun$3.apply(TweetSetSuite.scala:42)[0m[0m
[0m[[0minfo[0m] [0m[31m  at objsets.TweetSetSuite$$anonfun$3.apply(TweetSetSuite.scala:42)[0m[0m
[0m[[0minfo[0m] [0m[31m  at org.scalatest.FunSuite$$anon$1.apply(FunSuite.scala:1265)[0m[0m
[0m[[0minfo[0m] [0m[31m  at org.scalatest.Suite$class.withFixture(Suite.scala:1974)[0m[0m
[0m[[0minfo[0m] [0m[31m  at objsets.TweetSetSuite.withFixture(TweetSetSuite.scala:9)[0m[0m
[0m[[0minfo[0m] [0m[31m  ...[0m[0m
[0m[[0minfo[0m] [0m[31m- union: set4c and set4d *** FAILED ***[0m[0m
[0m[[0minfo[0m] [0m[31m  scala.NotImplementedError: an implementation is missing[0m[0m
[0m[[0minfo[0m] [0m[31m  at scala.Predef$.$qmark$qmark$qmark(Predef.scala:252)[0m[0m
[0m[[0minfo[0m] [0m[31m  at objsets.NonEmpty.union(TweetSet.scala:133)[0m[0m
[0m[[0minfo[0m] [0m[31m  at objsets.TweetSetSuite$$anonfun$4$$anon$4.<init>(TweetSetSuite.scala:49)[0m[0m
[0m[[0minfo[0m] [0m[31m  at objsets.TweetSetSuite$$anonfun$4.apply$mcV$sp(TweetSetSuite.scala:48)[0m[0m
[0m[[0minfo[0m] [0m[31m  at objsets.TweetSetSuite$$anonfun$4.apply(TweetSetSuite.scala:48)[0m[0m
[0m[[0minfo[0m] [0m[31m  at objsets.TweetSetSuite$$anonfun$4.apply(TweetSetSuite.scala:48)[0m[0m
[0m[[0minfo[0m] [0m[31m  at org.scalatest.FunSuite$$anon$1.apply(FunSuite.scala:1265)[0m[0m
[0m[[0minfo[0m] [0m[31m  at org.scalatest.Suite$class.withFixture(Suite.scala:1974)[0m[0m
[0m[[0minfo[0m] [0m[31m  at objsets.TweetSetSuite.withFixture(TweetSetSuite.scala:9)[0m[0m
[0m[[0minfo[0m] [0m[31m  at org.scalatest.FunSuite$class.invokeWithFixture$1(FunSuite.scala:1262)[0m[0m
[0m[[0minfo[0m] [0m[31m  ...[0m[0m
[0m[[0minfo[0m] [0m[31m- union: with empty set (1) *** FAILED ***[0m[0m
[0m[[0minfo[0m] [0m[31m  scala.NotImplementedError: an implementation is missing[0m[0m
[0m[[0minfo[0m] [0m[31m  at scala.Predef$.$qmark$qmark$qmark(Predef.scala:252)[0m[0m
[0m[[0minfo[0m] [0m[31m  at objsets.NonEmpty.union(TweetSet.scala:133)[0m[0m
[0m[[0minfo[0m] [0m[31m  at objsets.TweetSetSuite$$anonfun$5$$anon$5.<init>(TweetSetSuite.scala:55)[0m[0m
[0m[[0minfo[0m] [0m[31m  at objsets.TweetSetSuite$$anonfun$5.apply$mcV$sp(TweetSetSuite.scala:54)[0m[0m
[0m[[0minfo[0m] [0m[31m  at objsets.TweetSetSuite$$anonfun$5.apply(TweetSetSuite.scala:54)[0m[0m
[0m[[0minfo[0m] [0m[31m  at objsets.TweetSetSuite$$anonfun$5.apply(TweetSetSuite.scala:54)[0m[0m
[0m[[0minfo[0m] [0m[31m  at org.scalatest.FunSuite$$anon$1.apply(FunSuite.scala:1265)[0m[0m
[0m[[0minfo[0m] [0m[31m  at org.scalatest.Suite$class.withFixture(Suite.scala:1974)[0m[0m
[0m[[0minfo[0m] [0m[31m  at objsets.TweetSetSuite.withFixture(TweetSetSuite.scala:9)[0m[0m
[0m[[0minfo[0m] [0m[31m  at org.scalatest.FunSuite$class.invokeWithFixture$1(FunSuite.scala:1262)[0m[0m
[0m[[0minfo[0m] [0m[31m  ...[0m[0m
[0m[[0minfo[0m] [0m[32m- union: with empty set (2)[0m[0m
[0m[[0minfo[0m] [0m[31m- descending: set5 *** FAILED ***[0m[0m
[0m[[0minfo[0m] [0m[31m  scala.NotImplementedError: an implementation is missing[0m[0m
[0m[[0minfo[0m] [0m[31m  at scala.Predef$.$qmark$qmark$qmark(Predef.scala:252)[0m[0m
[0m[[0minfo[0m] [0m[31m  at objsets.TweetSet.descendingByRetweet(TweetSet.scala:80)[0m[0m
[0m[[0minfo[0m] [0m[31m  at objsets.TweetSetSuite$$anonfun$7$$anon$7.<init>(TweetSetSuite.scala:67)[0m[0m
[0m[[0minfo[0m] [0m[31m  at objsets.TweetSetSuite$$anonfun$7.apply$mcV$sp(TweetSetSuite.scala:66)[0m[0m
[0m[[0minfo[0m] [0m[31m  at objsets.TweetSetSuite$$anonfun$7.apply(TweetSetSuite.scala:66)[0m[0m
[0m[[0minfo[0m] [0m[31m  at objsets.TweetSetSuite$$anonfun$7.apply(TweetSetSuite.scala:66)[0m[0m
[0m[[0minfo[0m] [0m[31m  at org.scalatest.FunSuite$$anon$1.apply(FunSuite.scala:1265)[0m[0m
[0m[[0minfo[0m] [0m[31m  at org.scalatest.Suite$class.withFixture(Suite.scala:1974)[0m[0m
[0m[[0minfo[0m] [0m[31m  at objsets.TweetSetSuite.withFixture(TweetSetSuite.scala:9)[0m[0m
[0m[[0minfo[0m] [0m[31m  at org.scalatest.FunSuite$class.invokeWithFixture$1(FunSuite.scala:1262)[0m[0m
[0m[[0minfo[0m] [0m[31m  ...[0m[0m
